Traceback (most recent call last):
  File "/opt/hostedtoolcache/Python/3.11.12/x64/lib/python3.11/site-packages/jupyter_cache/executors/utils.py", line 58, in single_nb_execution
    executenb(
  File "/opt/hostedtoolcache/Python/3.11.12/x64/lib/python3.11/site-packages/nbclient/client.py", line 1319, in execute
    return NotebookClient(nb=nb, resources=resources, km=km, **kwargs).execute()
           ^^^^^^^^^^^^^^^^^^^^^^^^^^^^^^^^^^^^^^^^^^^^^^^^^^^^^^^^^^^^^^^^^^^^^
  File "/opt/hostedtoolcache/Python/3.11.12/x64/lib/python3.11/site-packages/jupyter_core/utils/__init__.py", line 165, in wrapped
    return loop.run_until_complete(inner)
           ^^^^^^^^^^^^^^^^^^^^^^^^^^^^^^
  File "/opt/hostedtoolcache/Python/3.11.12/x64/lib/python3.11/asyncio/base_events.py", line 654, in run_until_complete
    return future.result()
           ^^^^^^^^^^^^^^^
  File "/opt/hostedtoolcache/Python/3.11.12/x64/lib/python3.11/site-packages/nbclient/client.py", line 709, in async_execute
    await self.async_execute_cell(
  File "/opt/hostedtoolcache/Python/3.11.12/x64/lib/python3.11/site-packages/nbclient/client.py", line 1062, in async_execute_cell
    await self._check_raise_for_error(cell, cell_index, exec_reply)
  File "/opt/hostedtoolcache/Python/3.11.12/x64/lib/python3.11/site-packages/nbclient/client.py", line 918, in _check_raise_for_error
    raise CellExecutionError.from_cell_and_msg(cell, exec_reply_content)
nbclient.exceptions.CellExecutionError: An error occurred while executing the following cell:
------------------
# Train model 
clf_housing_max_depth_3 = DecisionTreeClassifier(max_depth=3, random_state=RSEED)
clf_housing_max_depth_3.fit(X_housing, y_housing)

plot_decision_tree(clf_housing_max_depth_3, X_housing, housing_colors, fig_size=(14, 5), fontsize=11, impurity=False)
------------------


[0;31m---------------------------------------------------------------------------[0m
[0;31mAttributeError[0m                            Traceback (most recent call last)
Cell [0;32mIn[11], line 5[0m
[1;32m      2[0m clf_housing_max_depth_3 [38;5;241m=[39m DecisionTreeClassifier(max_depth[38;5;241m=[39m[38;5;241m3[39m, random_state[38;5;241m=[39mRSEED)
[1;32m      3[0m clf_housing_max_depth_3[38;5;241m.[39mfit(X_housing, y_housing)
[0;32m----> 5[0m [43mplot_decision_tree[49m[43m([49m[43mclf_housing_max_depth_3[49m[43m,[49m[43m [49m[43mX_housing[49m[43m,[49m[43m [49m[43mhousing_colors[49m[43m,[49m[43m [49m[43mfig_size[49m[38;5;241;43m=[39;49m[43m([49m[38;5;241;43m14[39;49m[43m,[49m[43m [49m[38;5;241;43m5[39;49m[43m)[49m[43m,[49m[43m [49m[43mfontsize[49m[38;5;241;43m=[39;49m[38;5;241;43m11[39;49m[43m,[49m[43m [49m[43mimpurity[49m[38;5;241;43m=[39;49m[38;5;28;43;01mFalse[39;49;00m[43m)[49m

Cell [0;32mIn[7], line 8[0m, in [0;36mplot_decision_tree[0;34m(decision_tree, X, colors, fig_size, fontsize, impurity)[0m
[1;32m      6[0m r, g, b [38;5;241m=[39m to_rgb(colors[np[38;5;241m.[39margmax(value)])
[1;32m      7[0m f [38;5;241m=[39m impurity [38;5;241m*[39m [38;5;241m2[39m [38;5;66;03m# for N colors: f = impurity * N/(N-1) if N>1 else 0[39;00m
[0;32m----> 8[0m [43martist[49m[38;5;241;43m.[39;49m[43mget_bbox_patch[49m[43m([49m[43m)[49m[38;5;241;43m.[39;49m[43mset_facecolor[49m((f [38;5;241m+[39m ([38;5;241m1[39m[38;5;241m-[39mf)[38;5;241m*[39mr, f [38;5;241m+[39m ([38;5;241m1[39m[38;5;241m-[39mf)[38;5;241m*[39mg, f [38;5;241m+[39m ([38;5;241m1[39m[38;5;241m-[39mf)[38;5;241m*[39mb))
[1;32m      9[0m artist[38;5;241m.[39mget_bbox_patch()[38;5;241m.[39mset_edgecolor([38;5;124m'[39m[38;5;124mblack[39m[38;5;124m'[39m)

[0;31mAttributeError[0m: 'NoneType' object has no attribute 'set_facecolor'

